<?xml version="1.0" encoding="UTF-8" ?>
<testsuite tests="6" failures="0" name="net.adneom.hr.partition.PartitionServiceTest" time="0.023" errors="0" skipped="0">
  <properties>
[...]
</properties>
  <testcase classname="net.adneom.hr.partition.PartitionServiceTest" name="partitionTest_emptyInputList" time="0.003"/>
  <testcase classname="net.adneom.hr.partition.PartitionServiceTest" name="partitionTest_nullSubListSize" time="0"/>
  <testcase classname="net.adneom.hr.partition.PartitionServiceTest" name="partitionTest_case1" time="0.018"/>
  <testcase classname="net.adneom.hr.partition.PartitionServiceTest" name="partitionTest_case2" time="0"/>
  <testcase classname="net.adneom.hr.partition.PartitionServiceTest" name="partitionTest_case3" time="0.001"/>
  <testcase classname="net.adneom.hr.partition.PartitionServiceTest" name="partitionTest_subListSizeEqualsToZero" time="0.001"/>
</testsuite>